<?xml version="1.0" encoding="UTF-8"?>
<testsuite xmlns:xsi="http://www.w3.org/2001/XMLSchema-instance" xsi:noNamespaceSchemaLocation="https://maven.apache.org/surefire/maven-surefire-plugin/xsd/surefire-test-report-3.0.xsd" version="3.0" name="com.example.playerswagger.PlayerSwaggerApplicationTests" time="6.965" tests="1" errors="0" skipped="0" failures="0">
  <properties>
[...]
</properties>
  <testcase name="contextLoads" classname="com.example.playerswagger.PlayerSwaggerApplicationTests" time="0.863">
    <system-out><![CDATA[19:09:43.844 [main] INFO org.springframework.test.context.support.AnnotationConfigContextLoaderUtils -- Could not detect default configuration classes for test class [com.example.playerswagger.PlayerSwaggerApplicationTests]: PlayerSwaggerApplicationTests does not declare any static, non-private, non-final, nested classes annotated with @Configuration.
19:09:43.990 [main] INFO org.springframework.boot.test.context.SpringBootTestContextBootstrapper -- Found @SpringBootConfiguration com.example.playerswagger.PlayerSwaggerApplication for test class com.example.playerswagger.PlayerSwaggerApplicationTests

  .   ____          _            __ _ _
 /\\ / ___'_ __ _ _(_)_ __  __ _ \ \ \ \
( ( )\___ | '_ | '_| | '_ \/ _` | \ \ \ \
 \\/  ___)| |_)| | | | | || (_| |  ) ) ) )
  '  |____| .__|_| |_|_| |_\__, | / / / /
 =========|_|==============|___/=/_/_/_/

 :: Spring Boot ::                (v3.3.1)

2024-06-21T19:09:44.619+02:00  INFO 13756 --- [playerSwagger] [           main] c.e.p.PlayerSwaggerApplicationTests      : Starting PlayerSwaggerApplicationTests using Java 17.0.10 with PID 13756 (started by Paweł Szymański in C:\Users\Paweł Szymański\Desktop\pawel_jaz_api\playerSwagger)
2024-06-21T19:09:44.623+02:00  INFO 13756 --- [playerSwagger] [           main] c.e.p.PlayerSwaggerApplicationTests      : No active profile set, falling back to 1 default profile: "default"
2024-06-21T19:09:45.600+02:00  INFO 13756 --- [playerSwagger] [           main] .s.d.r.c.RepositoryConfigurationDelegate : Bootstrapping Spring Data JPA repositories in DEFAULT mode.
2024-06-21T19:09:45.642+02:00  INFO 13756 --- [playerSwagger] [           main] .s.d.r.c.RepositoryConfigurationDelegate : Finished Spring Data repository scanning in 29 ms. Found 0 JPA repository interfaces.
2024-06-21T19:09:46.257+02:00  INFO 13756 --- [playerSwagger] [           main] com.zaxxer.hikari.HikariDataSource       : HikariPool-1 - Starting...
2024-06-21T19:09:46.552+02:00  INFO 13756 --- [playerSwagger] [           main] com.zaxxer.hikari.pool.HikariPool        : HikariPool-1 - Added connection conn0: url=jdbc:h2:mem:c4b27b53-5772-4fd7-bb91-58837c36873b user=SA
2024-06-21T19:09:46.554+02:00  INFO 13756 --- [playerSwagger] [           main] com.zaxxer.hikari.HikariDataSource       : HikariPool-1 - Start completed.
2024-06-21T19:09:46.626+02:00  INFO 13756 --- [playerSwagger] [           main] o.hibernate.jpa.internal.util.LogHelper  : HHH000204: Processing PersistenceUnitInfo [name: default]
2024-06-21T19:09:46.718+02:00  INFO 13756 --- [playerSwagger] [           main] org.hibernate.Version                    : HHH000412: Hibernate ORM core version 6.5.2.Final
2024-06-21T19:09:46.764+02:00  INFO 13756 --- [playerSwagger] [           main] o.h.c.internal.RegionFactoryInitiator    : HHH000026: Second-level cache disabled
2024-06-21T19:09:47.254+02:00  INFO 13756 --- [playerSwagger] [           main] o.s.o.j.p.SpringPersistenceUnitInfo      : No LoadTimeWeaver setup: ignoring JPA class transformer
2024-06-21T19:09:47.833+02:00  INFO 13756 --- [playerSwagger] [           main] o.h.e.t.j.p.i.JtaPlatformInitiator       : HHH000489: No JTA platform available (set 'hibernate.transaction.jta.platform' to enable JTA platform integration)
2024-06-21T19:09:47.842+02:00  INFO 13756 --- [playerSwagger] [           main] j.LocalContainerEntityManagerFactoryBean : Initialized JPA EntityManagerFactory for persistence unit 'default'
2024-06-21T19:09:48.096+02:00  WARN 13756 --- [playerSwagger] [           main] JpaBaseConfiguration$JpaWebConfiguration : spring.jpa.open-in-view is enabled by default. Therefore, database queries may be performed during view rendering. Explicitly configure spring.jpa.open-in-view to disable this warning
2024-06-21T19:09:49.633+02:00  INFO 13756 --- [playerSwagger] [           main] c.e.p.PlayerSwaggerApplicationTests      : Started PlayerSwaggerApplicationTests in 5.376 seconds (process running for 6.979)
]]></system-out>
  </testcase>
</testsuite>